2025-07-25 09:18:14,192 - __main__ - INFO - ğŸš€ æœ¬ç•ªç’°å¢ƒãƒ‡ãƒ—ãƒ­ã‚¤ã‚·ã‚¹ãƒ†ãƒ åˆæœŸåŒ–å®Œäº†
2025-07-25 09:18:14,192 - __main__ - INFO - ğŸš€ æœ¬ç•ªç’°å¢ƒãƒ‡ãƒ—ãƒ­ã‚¤é–‹å§‹
2025-07-25 09:18:14,192 - __main__ - INFO - ğŸ” ã‚·ã‚¹ãƒ†ãƒ è¦ä»¶ãƒã‚§ãƒƒã‚¯é–‹å§‹
2025-07-25 09:18:14,192 - __main__ - INFO - âœ… Python ãƒãƒ¼ã‚¸ãƒ§ãƒ³: 3.12.9
2025-07-25 09:18:14,194 - __main__ - INFO - âœ… åˆ©ç”¨å¯èƒ½ãƒ‡ã‚£ã‚¹ã‚¯å®¹é‡: 149.1GB
2025-07-25 09:18:14,201 - __main__ - INFO - âœ… åˆ©ç”¨å¯èƒ½ãƒ¡ãƒ¢ãƒª: 16.6GB
2025-07-25 09:18:15,781 - __main__ - INFO - âœ… ä¸»è¦ä¾å­˜é–¢ä¿‚ãƒã‚§ãƒƒã‚¯å®Œäº†
2025-07-25 09:18:15,782 - __main__ - INFO - âœ… ã‚·ã‚¹ãƒ†ãƒ è¦ä»¶ãƒã‚§ãƒƒã‚¯å®Œäº† - ã™ã¹ã¦åˆæ ¼
2025-07-25 09:18:15,782 - __main__ - INFO - ğŸ’¾ æœ¬ç•ªç’°å¢ƒãƒãƒƒã‚¯ã‚¢ãƒƒãƒ—ä½œæˆé–‹å§‹
2025-07-25 09:18:16,153 - __main__ - INFO - âœ… ãƒãƒƒã‚¯ã‚¢ãƒƒãƒ—å®Œäº†: production_backups/deploy_1753402694
2025-07-25 09:18:16,153 - __main__ - INFO - ğŸ“¦ ä¾å­˜é–¢ä¿‚ã‚¤ãƒ³ã‚¹ãƒˆãƒ¼ãƒ«é–‹å§‹
2025-07-25 09:18:22,287 - __main__ - INFO - âœ… ä¾å­˜é–¢ä¿‚ã‚¤ãƒ³ã‚¹ãƒˆãƒ¼ãƒ«å®Œäº†
2025-07-25 09:18:22,287 - __main__ - INFO - ğŸ§ª ãƒ‡ãƒ—ãƒ­ã‚¤å‰ãƒ†ã‚¹ãƒˆå®Ÿè¡Œé–‹å§‹
2025-07-25 09:18:22,368 - __main__ - ERROR - âŒ ãƒ‡ãƒ—ãƒ­ã‚¤å‰ãƒ†ã‚¹ãƒˆã‚¨ãƒ©ãƒ¼: Command '['C:\\Users\\downl\\AppData\\Local\\Programs\\Python\\Python312\\python.exe', 'quick_deploy_test.py']' returned non-zero exit status 1.
2025-07-25 09:18:22,369 - __main__ - ERROR - ã‚¨ãƒ©ãƒ¼å‡ºåŠ›: Traceback (most recent call last):
  File "C:\Users\downl\Desktop\professional-statistics-suite\quick_deploy_test.py", line 261, in main
    results = run_quick_deploy_test()
              ^^^^^^^^^^^^^^^^^^^^^^^
  File "C:\Users\downl\Desktop\professional-statistics-suite\quick_deploy_test.py", line 208, in run_quick_deploy_test
    print("\U0001f680 ç°¡æ˜“ç‰ˆãƒ‡ãƒ—ãƒ­ã‚¤ãƒ†ã‚¹ãƒˆé–‹å§‹")
UnicodeEncodeError: 'cp932' codec can't encode character '\U0001f680' in position 0: illegal multibyte sequence

During handling of the above exception, another exception occurred:

Traceback (most recent call last):
  File "C:\Users\downl\Desktop\professional-statistics-suite\quick_deploy_test.py", line 284, in <module>
    main() 
    ^^^^^^
  File "C:\Users\downl\Desktop\professional-statistics-suite\quick_deploy_test.py", line 281, in main
    print(f"\u274c äºˆæœŸã—ãªã„ã‚¨ãƒ©ãƒ¼: {e}")
UnicodeEncodeError: 'cp932' codec can't encode character '\u274c' in position 0: illegal multibyte sequence

2025-07-25 09:18:22,369 - __main__ - ERROR - æ¨™æº–å‡ºåŠ›: 
2025-07-25 09:18:22,369 - __main__ - ERROR - âŒ ãƒ‡ãƒ—ãƒ­ã‚¤å¤±æ•—: ãƒ‡ãƒ—ãƒ­ã‚¤å‰ãƒ†ã‚¹ãƒˆå¤±æ•—
2025-07-25 09:18:22,370 - __main__ - INFO - ğŸ”„ è‡ªå‹•ãƒ­ãƒ¼ãƒ«ãƒãƒƒã‚¯å®Ÿè¡Œ
2025-07-25 09:18:22,370 - __main__ - INFO - ğŸ”„ ãƒ‡ãƒ—ãƒ­ã‚¤ãƒ­ãƒ¼ãƒ«ãƒãƒƒã‚¯é–‹å§‹
2025-07-25 09:18:22,541 - __main__ - INFO - âœ… ãƒ‡ãƒ—ãƒ­ã‚¤ãƒ­ãƒ¼ãƒ«ãƒãƒƒã‚¯å®Œäº†
2025-07-25 09:18:22,541 - __main__ - ERROR - ãƒ¬ãƒãƒ¼ãƒˆç”Ÿæˆã‚¨ãƒ©ãƒ¼: 'success'
